<?xml version="1.0" encoding="UTF-8"?>
<!-- Generated by org.testng.reporters.JUnitXMLReporter -->
<testsuite hostname="DESKTOP-L1EA06Q" ignored="0" name="Default test" tests="3" failures="0" timestamp="2020-08-06T22:43:56 IST" time="128.998" errors="0">
  <testcase name="createNewContactTest" time="9.419" classname="com.qa.test.ContactsPageTest"/>
  <testcase name="createNewContactTest" time="8.592" classname="com.qa.test.ContactsPageTest"/>
  <testcase name="createNewContactTest" time="7.559" classname="com.qa.test.ContactsPageTest"/>
</testsuite> <!-- Default test -->
