<?xml version="1.0" encoding="UTF-8"?>
<!-- Generated by org.testng.reporters.JUnitXMLReporter -->
<testsuite hostname="DESKTOP-L1EA06Q" ignored="0" name="Default test" tests="3" failures="0" timestamp="2020-07-21T11:46:54 IST" time="117.666" errors="0">
  <testcase name="verifyContactBtnTest" time="4.313" classname="com.qa.test.HomePageTest"/>
  <testcase name="verifyHomePageTitleTest" time="0.024" classname="com.qa.test.HomePageTest"/>
  <testcase name="verifyUserTest" time="0.23" classname="com.qa.test.HomePageTest"/>
</testsuite> <!-- Default test -->
