<?xml version="1.0" encoding="UTF-8"?>
<!-- Generated by org.testng.reporters.JUnitXMLReporter -->
<testsuite hostname="DESKTOP-L1EA06Q" ignored="0" name="CRMproTest" tests="10" failures="0" timestamp="2020-09-06T20:32:52 IST" time="170.757" errors="0">
  <testcase name="verifyContactBtnTest" time="1.636" classname="com.qa.test.HomePageTest"/>
  <testcase name="verifyHomePageTitleTest" time="0.012" classname="com.qa.test.HomePageTest"/>
  <testcase name="verifyUserTest" time="0.16" classname="com.qa.test.HomePageTest"/>
  <testcase name="loginPageTitleTest" time="0.024" classname="com.qa.test.LoginPageTest"/>
  <testcase name="verifyLoginBtnTest" time="4.934" classname="com.qa.test.LoginPageTest"/>
  <testcase name="verifySignUpBtnTest" time="5.134" classname="com.qa.test.LoginPageTest"/>
  <testcase name="createNewContactTest" time="2.354" classname="com.qa.test.ContactsPageTest"/>
  <testcase name="createNewContactTest" time="2.4" classname="com.qa.test.ContactsPageTest"/>
  <testcase name="createNewContactTest" time="2.355" classname="com.qa.test.ContactsPageTest"/>
  <testcase name="verifyContactsLabelTest" time="0.085" classname="com.qa.test.ContactsPageTest"/>
</testsuite> <!-- CRMproTest -->
