<?xml version="1.0" encoding="UTF-8"?>
<testng-results skipped="0" failed="0" ignored="0" total="3" passed="3">
  <reporter-output>
  </reporter-output>
  <suite name="Default suite" duration-ms="117666" started-at="2020-07-21T11:44:57 IST" finished-at="2020-07-21T11:46:54 IST">
    <groups>
    </groups>
    <test name="Default test" duration-ms="117666" started-at="2020-07-21T11:44:57 IST" finished-at="2020-07-21T11:46:54 IST">
      <class name="com.qa.test.HomePageTest">
        <test-method status="PASS" signature="setUp()[pri:0, instance:com.qa.test.HomePageTest@10bbd20a]" name="setUp" is-config="true" duration-ms="38363" started-at="2020-07-21T11:44:57 IST" finished-at="2020-07-21T11:45:35 IST">
          <reporter-output>
          </reporter-output>
        </test-method> <!-- setUp -->
        <test-method status="PASS" signature="verifyContactBtnTest()[pri:0, instance:com.qa.test.HomePageTest@10bbd20a]" name="verifyContactBtnTest" duration-ms="4313" started-at="2020-07-21T11:45:35 IST" finished-at="2020-07-21T11:45:39 IST">
          <reporter-output>
          </reporter-output>
        </test-method> <!-- verifyContactBtnTest -->
        <test-method status="PASS" signature="tearDown()[pri:0, instance:com.qa.test.HomePageTest@10bbd20a]" name="tearDown" is-config="true" duration-ms="1717" started-at="2020-07-21T11:45:39 IST" finished-at="2020-07-21T11:45:41 IST">
          <reporter-output>
          </reporter-output>
        </test-method> <!-- tearDown -->
        <test-method status="PASS" signature="setUp()[pri:0, instance:com.qa.test.HomePageTest@10bbd20a]" name="setUp" is-config="true" duration-ms="33360" started-at="2020-07-21T11:45:41 IST" finished-at="2020-07-21T11:46:14 IST">
          <reporter-output>
          </reporter-output>
        </test-method> <!-- setUp -->
        <test-method status="PASS" signature="verifyHomePageTitleTest()[pri:0, instance:com.qa.test.HomePageTest@10bbd20a]" name="verifyHomePageTitleTest" duration-ms="24" started-at="2020-07-21T11:46:14 IST" finished-at="2020-07-21T11:46:14 IST">
          <reporter-output>
          </reporter-output>
        </test-method> <!-- verifyHomePageTitleTest -->
        <test-method status="PASS" signature="tearDown()[pri:0, instance:com.qa.test.HomePageTest@10bbd20a]" name="tearDown" is-config="true" duration-ms="1704" started-at="2020-07-21T11:46:14 IST" finished-at="2020-07-21T11:46:16 IST">
          <reporter-output>
          </reporter-output>
        </test-method> <!-- tearDown -->
        <test-method status="PASS" signature="setUp()[pri:0, instance:com.qa.test.HomePageTest@10bbd20a]" name="setUp" is-config="true" duration-ms="36148" started-at="2020-07-21T11:46:16 IST" finished-at="2020-07-21T11:46:52 IST">
          <reporter-output>
          </reporter-output>
        </test-method> <!-- setUp -->
        <test-method status="PASS" signature="verifyUserTest()[pri:0, instance:com.qa.test.HomePageTest@10bbd20a]" name="verifyUserTest" duration-ms="230" started-at="2020-07-21T11:46:52 IST" finished-at="2020-07-21T11:46:52 IST">
          <reporter-output>
          </reporter-output>
        </test-method> <!-- verifyUserTest -->
        <test-method status="PASS" signature="tearDown()[pri:0, instance:com.qa.test.HomePageTest@10bbd20a]" name="tearDown" is-config="true" duration-ms="1723" started-at="2020-07-21T11:46:52 IST" finished-at="2020-07-21T11:46:54 IST">
          <reporter-output>
          </reporter-output>
        </test-method> <!-- tearDown -->
      </class> <!-- com.qa.test.HomePageTest -->
    </test> <!-- Default test -->
  </suite> <!-- Default suite -->
</testng-results>
